<?xml version="1.0" encoding="UTF-8"?>
<testsuite xmlns:xsi="http://www.w3.org/2001/XMLSchema-instance" xsi:noNamespaceSchemaLocation="https://maven.apache.org/surefire/maven-surefire-plugin/xsd/surefire-test-report.xsd" version="3.0.2" name="runner.TestRunner" time="32.837" tests="1" errors="0" skipped="0" failures="0">
  <properties>
[...]
</properties>
  <testcase name="Add and delete new admin user in OrangeHRM" classname="OrangeHRM Admin User Management Test" time="32.476">
    <system-out><![CDATA[
Scenario: Add and delete new admin user in OrangeHRM                                    # src/test/resources/features/sample.feature:3
  Given User navigate to OrangeHRM Page                                                 # steps.loginSteps.navigateToOrangeHRM()
  And User logs in with username "Admin" and password "admin123"                        # steps.loginSteps.loginWithCredentials(java.lang.String,java.lang.String)
  When User clicks on Admin tab on the left side menu                                   # steps.homepageSteps.clickOnAdminTab()
  And User adds a new record                                                            # steps.userManagementSteps.addNewRecord(io.cucumber.datatable.DataTable)
    | User Role | Employee Name | Status  | Username       | Password     | Confirm Password |
    | Admin     | Joseph Evans  | Enabled | JosephEvans111 | Password123! | Password123!     |
  Then Validate that the new record is added successfully                               # steps.userManagementSteps.ValidateNewRecordIsAddedSuccessfully()
  When User searches for the newly added record with username "JosephEvans111"          # steps.userManagementSteps.searchForNewRecord(java.lang.String)
  Then Validate that the search results display "JosephEvans111" in the username column # steps.userManagementSteps.validateSearchResults(java.lang.String)
  When User deletes the newly added record                                              # steps.userManagementSteps.deleteNewRecord()
  Then Validate that the number of records is decreased by one after deletion           # steps.userManagementSteps.validateRecordCountAfterDeletion()
]]></system-out>
    <system-err><![CDATA[Mar 13, 2026 11:32:52 AM org.openqa.selenium.devtools.CdpVersionFinder findNearestMatch
WARNING: Unable to find CDP implementation matching 146
Mar 13, 2026 11:32:52 AM org.openqa.selenium.chromium.ChromiumDriver lambda$new$5
WARNING: Unable to find version of CDP to use for 146.0.7680.76. You may need to include a dependency on a specific version of the CDP using something similar to `org.seleniumhq.selenium:selenium-devtools-v86:4.21.0` where the version ("v86") matches the version of the chromium-based browser you're using and the version number of the artifact is the same as Selenium's.
]]></system-err>
  </testcase>
</testsuite>